2026-02-16 20:56:29 [main] INFO  Log - Browser setup started
2026-02-16 20:56:30 [main] INFO  Log - Browser selected: firefox
2026-02-16 20:56:33 [main] INFO  Log - Launching browser
2026-02-16 20:56:41 [main] INFO  Log - Navigated to URL: https://www.allstate.com
2026-02-16 20:56:47 [main] INFO  Log - Closing browser
2026-02-16 20:56:47 [main] INFO  Log - Browser setup started
2026-02-16 20:56:47 [main] INFO  Log - Browser selected: firefox
2026-02-16 20:56:49 [main] INFO  Log - Launching browser
2026-02-16 20:56:51 [main] INFO  Log - Navigated to URL: https://www.allstate.com
2026-02-16 20:56:54 [main] INFO  Log - Closing browser
2026-02-16 20:56:54 [main] INFO  Log - Browser setup started
2026-02-16 20:56:54 [main] INFO  Log - Browser selected: firefox
2026-02-16 20:56:56 [main] INFO  Log - Launching browser
2026-02-16 20:56:58 [main] INFO  Log - Navigated to URL: https://www.allstate.com
2026-02-16 20:57:00 [main] INFO  Log - Closing browser
2026-02-16 20:57:00 [main] INFO  Log - Browser setup started
2026-02-16 20:57:00 [main] INFO  Log - Browser selected: firefox
2026-02-16 20:57:02 [main] INFO  Log - Launching browser
2026-02-16 20:57:11 [main] INFO  Log - Navigated to URL: https://www.allstate.com
2026-02-16 20:57:17 [main] INFO  Log - Closing browser
2026-02-16 20:57:17 [main] INFO  Log - Browser setup started
2026-02-16 20:57:17 [main] INFO  Log - Browser selected: firefox
2026-02-16 20:57:19 [main] INFO  Log - Launching browser
2026-02-16 20:57:21 [main] INFO  Log - Navigated to URL: https://www.allstate.com
2026-02-16 20:57:24 [main] INFO  Log - Closing browser
2026-02-16 20:57:24 [main] INFO  Log - Browser setup started
2026-02-16 20:57:24 [main] INFO  Log - Browser selected: firefox
2026-02-16 20:57:25 [main] INFO  Log - Launching browser
2026-02-16 20:57:28 [main] INFO  Log - Navigated to URL: https://www.allstate.com
2026-02-16 20:57:30 [main] INFO  Log - Closing browser
2026-02-16 20:57:30 [main] INFO  Log - Browser setup started
2026-02-16 20:57:30 [main] INFO  Log - Browser selected: firefox
2026-02-16 20:57:32 [main] INFO  Log - Launching browser
2026-02-16 20:57:35 [main] INFO  Log - Navigated to URL: https://www.allstate.com
2026-02-16 20:57:37 [main] INFO  Log - Closing browser
2026-02-16 20:57:37 [main] INFO  Log - Browser setup started
2026-02-16 20:57:37 [main] INFO  Log - Browser selected: firefox
2026-02-16 20:57:38 [main] INFO  Log - Launching browser
2026-02-16 20:57:42 [main] INFO  Log - Navigated to URL: https://www.allstate.com
2026-02-16 20:57:48 [main] INFO  Log - Closing browser
2026-02-16 20:57:48 [main] INFO  Log - Browser setup started
2026-02-16 20:57:48 [main] INFO  Log - Browser selected: firefox
2026-02-16 20:57:50 [main] INFO  Log - Launching browser
2026-02-16 20:57:53 [main] INFO  Log - Navigated to URL: https://www.allstate.com
2026-02-16 20:58:00 [main] INFO  Log - Closing browser
2026-02-17 14:55:11 [main] INFO  Log - Browser setup started
2026-02-17 14:55:14 [main] INFO  Log - Browser selected: firefox
2026-02-17 14:55:14 [main] INFO  Log - Headless mode: true
2026-02-17 14:55:15 [main] INFO  Log - Launching browser
2026-02-17 14:55:22 [main] INFO  Log - Navigated to URL: https://www.allstate.com
2026-02-17 14:55:26 [main] INFO  Log - Closing browser
2026-02-17 14:55:26 [main] INFO  Log - Browser setup started
2026-02-17 14:55:26 [main] INFO  Log - Browser selected: firefox
2026-02-17 14:55:26 [main] INFO  Log - Headless mode: true
2026-02-17 14:55:27 [main] INFO  Log - Launching browser
2026-02-17 14:55:29 [main] INFO  Log - Navigated to URL: https://www.allstate.com
2026-02-17 14:55:33 [main] INFO  Log - Closing browser
2026-02-17 14:55:33 [main] INFO  Log - Browser setup started
2026-02-17 14:55:33 [main] INFO  Log - Browser selected: firefox
2026-02-17 14:55:33 [main] INFO  Log - Headless mode: true
2026-02-17 14:55:34 [main] INFO  Log - Launching browser
2026-02-17 14:55:36 [main] INFO  Log - Navigated to URL: https://www.allstate.com
2026-02-17 14:55:40 [main] INFO  Log - Closing browser
2026-02-17 14:55:40 [main] INFO  Log - Browser setup started
2026-02-17 14:55:40 [main] INFO  Log - Browser selected: firefox
2026-02-17 14:55:40 [main] INFO  Log - Headless mode: true
2026-02-17 14:55:41 [main] INFO  Log - Launching browser
2026-02-17 14:55:45 [main] INFO  Log - Navigated to URL: https://www.allstate.com
2026-02-17 14:55:51 [main] INFO  Log - Closing browser
2026-02-17 14:55:52 [main] INFO  Log - Browser setup started
2026-02-17 14:55:52 [main] INFO  Log - Browser selected: firefox
2026-02-17 14:55:52 [main] INFO  Log - Headless mode: true
2026-02-17 14:55:53 [main] INFO  Log - Launching browser
2026-02-17 14:55:54 [main] INFO  Log - Navigated to URL: https://www.allstate.com
2026-02-17 14:55:56 [main] INFO  Log - Closing browser
2026-02-17 14:55:56 [main] INFO  Log - Browser setup started
2026-02-17 14:55:56 [main] INFO  Log - Browser selected: firefox
2026-02-17 14:55:56 [main] INFO  Log - Headless mode: true
2026-02-17 14:55:57 [main] INFO  Log - Launching browser
2026-02-17 14:56:00 [main] INFO  Log - Navigated to URL: https://www.allstate.com
2026-02-17 14:56:02 [main] INFO  Log - Closing browser
2026-02-17 14:56:02 [main] INFO  Log - Browser setup started
2026-02-17 14:56:02 [main] INFO  Log - Browser selected: firefox
2026-02-17 14:56:02 [main] INFO  Log - Headless mode: true
2026-02-17 14:56:03 [main] INFO  Log - Launching browser
2026-02-17 14:56:06 [main] INFO  Log - Navigated to URL: https://www.allstate.com
2026-02-17 14:56:12 [main] INFO  Log - Closing browser
2026-02-17 14:56:12 [main] INFO  Log - Browser setup started
2026-02-17 14:56:12 [main] INFO  Log - Browser selected: firefox
2026-02-17 14:56:12 [main] INFO  Log - Headless mode: true
2026-02-17 14:56:13 [main] INFO  Log - Launching browser
2026-02-17 14:56:15 [main] INFO  Log - Navigated to URL: https://www.allstate.com
2026-02-17 14:56:21 [main] INFO  Log - Closing browser
2026-02-17 14:56:21 [main] INFO  Log - Browser setup started
2026-02-17 14:56:21 [main] INFO  Log - Browser selected: firefox
2026-02-17 14:56:21 [main] INFO  Log - Headless mode: true
2026-02-17 14:56:22 [main] INFO  Log - Launching browser
2026-02-17 14:56:27 [main] INFO  Log - Navigated to URL: https://www.allstate.com
2026-02-17 14:56:32 [main] INFO  Log - Closing browser
2026-02-17 17:20:43 [main] INFO  Log - Browser setup started
2026-02-17 17:20:44 [main] INFO  Log - Browser selected: firefox
2026-02-17 17:20:44 [main] INFO  Log - Headless mode: true
2026-02-17 17:20:46 [main] INFO  Log - Launching browser
2026-02-17 17:20:52 [main] INFO  Log - Navigated to URL: https://www.allstate.com
2026-02-17 17:20:53 [main] INFO  Log - Closing browser
2026-02-17 17:20:53 [main] INFO  Log - Browser setup started
2026-02-17 17:20:53 [main] INFO  Log - Browser selected: firefox
2026-02-17 17:20:53 [main] INFO  Log - Headless mode: true
2026-02-17 17:20:54 [main] INFO  Log - Launching browser
2026-02-17 17:23:25 [main] INFO  Log - Browser setup started
2026-02-17 17:23:25 [main] INFO  Log - Browser selected: firefox
2026-02-17 17:23:25 [main] INFO  Log - Headless mode: true
2026-02-17 17:23:27 [main] INFO  Log - Launching browser
2026-02-17 17:23:28 [main] INFO  Log - Navigated to URL: https://www.allstate.com
2026-02-17 17:23:29 [main] INFO  Log - Closing browser
2026-02-17 17:23:29 [main] INFO  Log - Browser setup started
2026-02-17 17:23:29 [main] INFO  Log - Browser selected: firefox
2026-02-17 17:23:29 [main] INFO  Log - Headless mode: true
2026-02-17 17:23:31 [main] INFO  Log - Launching browser
2026-02-17 17:23:32 [main] INFO  Log - Navigated to URL: https://www.allstate.com
2026-02-17 17:23:33 [main] INFO  Log - Closing browser
2026-02-17 17:23:33 [main] INFO  Log - Browser setup started
2026-02-17 17:23:33 [main] INFO  Log - Browser selected: firefox
2026-02-17 17:23:33 [main] INFO  Log - Headless mode: true
2026-02-17 17:23:34 [main] INFO  Log - Launching browser
2026-02-17 17:23:36 [main] INFO  Log - Navigated to URL: https://www.allstate.com
2026-02-17 17:23:36 [main] INFO  Log - failed tc are checked again
2026-02-17 17:23:38 [main] INFO  Log - Closing browser
2026-02-17 17:23:38 [main] INFO  Log - Browser setup started
2026-02-17 17:23:38 [main] INFO  Log - Browser selected: firefox
2026-02-17 17:23:38 [main] INFO  Log - Headless mode: true
2026-02-17 17:23:39 [main] INFO  Log - Launching browser
2026-02-17 17:23:44 [main] INFO  Log - Navigated to URL: https://www.allstate.com
2026-02-17 17:23:44 [main] INFO  Log - Closing browser
2026-02-17 17:23:44 [main] INFO  Log - Browser setup started
2026-02-17 17:23:44 [main] INFO  Log - Browser selected: firefox
2026-02-17 17:23:44 [main] INFO  Log - Headless mode: true
2026-02-17 17:23:46 [main] INFO  Log - Launching browser
2026-02-17 17:23:48 [main] INFO  Log - Navigated to URL: https://www.allstate.com
2026-02-17 17:23:48 [main] INFO  Log - Closing browser
2026-02-17 17:23:48 [main] INFO  Log - Browser setup started
2026-02-17 17:23:48 [main] INFO  Log - Browser selected: firefox
2026-02-17 17:23:48 [main] INFO  Log - Headless mode: true
2026-02-17 17:23:50 [main] INFO  Log - Launching browser
2026-02-17 17:23:52 [main] INFO  Log - Navigated to URL: https://www.allstate.com
2026-02-17 17:23:52 [main] INFO  Log - failed tc are checked again
2026-02-17 17:23:55 [main] INFO  Log - Closing browser
2026-02-17 17:23:55 [main] INFO  Log - Browser setup started
2026-02-17 17:23:55 [main] INFO  Log - Browser selected: firefox
2026-02-17 17:23:55 [main] INFO  Log - Headless mode: true
2026-02-17 17:23:56 [main] INFO  Log - Launching browser
2026-02-17 17:23:57 [main] INFO  Log - Navigated to URL: https://www.allstate.com
2026-02-17 17:23:58 [main] INFO  Log - Closing browser
2026-02-17 17:23:58 [main] INFO  Log - Browser setup started
2026-02-17 17:23:58 [main] INFO  Log - Browser selected: firefox
2026-02-17 17:23:58 [main] INFO  Log - Headless mode: true
2026-02-17 17:23:59 [main] INFO  Log - Launching browser
2026-02-17 17:24:01 [main] INFO  Log - Navigated to URL: https://www.allstate.com
2026-02-17 17:24:02 [main] INFO  Log - Closing browser
2026-02-17 17:24:02 [main] INFO  Log - Browser setup started
2026-02-17 17:24:02 [main] INFO  Log - Browser selected: firefox
2026-02-17 17:24:02 [main] INFO  Log - Headless mode: true
2026-02-17 17:24:03 [main] INFO  Log - Launching browser
2026-02-17 17:24:04 [main] INFO  Log - Navigated to URL: https://www.allstate.com
2026-02-17 17:24:04 [main] INFO  Log - failed tc are checked again
2026-02-17 17:24:08 [main] INFO  Log - Closing browser
2026-02-17 17:24:08 [main] INFO  Log - Browser setup started
2026-02-17 17:24:08 [main] INFO  Log - Browser selected: firefox
2026-02-17 17:24:08 [main] INFO  Log - Headless mode: true
2026-02-17 17:24:11 [main] INFO  Log - Launching browser
2026-02-17 17:24:15 [main] INFO  Log - Navigated to URL: https://www.allstate.com
2026-02-17 17:24:18 [main] INFO  Log - Closing browser
2026-02-17 17:24:18 [main] INFO  Log - Browser setup started
2026-02-17 17:24:18 [main] INFO  Log - Browser selected: firefox
2026-02-17 17:24:18 [main] INFO  Log - Headless mode: true
2026-02-17 17:24:19 [main] INFO  Log - Launching browser
2026-02-17 17:24:22 [main] INFO  Log - Navigated to URL: https://www.allstate.com
2026-02-17 17:24:23 [main] INFO  Log - Closing browser
2026-02-17 17:24:23 [main] INFO  Log - Browser setup started
2026-02-17 17:24:23 [main] INFO  Log - Browser selected: firefox
2026-02-17 17:24:23 [main] INFO  Log - Headless mode: true
2026-02-17 17:24:24 [main] INFO  Log - Launching browser
2026-02-17 17:24:31 [main] INFO  Log - Navigated to URL: https://www.allstate.com
2026-02-17 17:24:31 [main] INFO  Log - failed tc are checked again
2026-02-17 17:24:36 [main] INFO  Log - Closing browser
2026-02-17 17:24:37 [main] INFO  Log - Browser setup started
2026-02-17 17:24:37 [main] INFO  Log - Browser selected: firefox
2026-02-17 17:24:37 [main] INFO  Log - Headless mode: true
2026-02-17 17:24:38 [main] INFO  Log - Launching browser
2026-02-17 17:24:45 [main] INFO  Log - Navigated to URL: https://www.allstate.com
2026-02-17 17:24:46 [main] INFO  Log - Closing browser
2026-02-17 17:24:46 [main] INFO  Log - Browser setup started
2026-02-17 17:24:47 [main] INFO  Log - Browser selected: firefox
2026-02-17 17:24:47 [main] INFO  Log - Headless mode: true
2026-02-17 17:24:48 [main] INFO  Log - Launching browser
2026-02-17 17:24:49 [main] INFO  Log - Navigated to URL: https://www.allstate.com
2026-02-17 17:24:50 [main] INFO  Log - Closing browser
2026-02-17 17:24:50 [main] INFO  Log - Browser setup started
2026-02-17 17:24:50 [main] INFO  Log - Browser selected: firefox
2026-02-17 17:24:50 [main] INFO  Log - Headless mode: true
2026-02-17 17:24:51 [main] INFO  Log - Launching browser
2026-02-17 17:24:54 [main] INFO  Log - Navigated to URL: https://www.allstate.com
2026-02-17 17:24:54 [main] INFO  Log - failed tc are checked again
2026-02-17 17:24:59 [main] INFO  Log - Closing browser
2026-02-17 17:24:59 [main] INFO  Log - Browser setup started
2026-02-17 17:24:59 [main] INFO  Log - Browser selected: firefox
2026-02-17 17:24:59 [main] INFO  Log - Headless mode: true
2026-02-17 17:25:01 [main] INFO  Log - Launching browser
2026-02-17 17:25:06 [main] INFO  Log - Navigated to URL: https://www.allstate.com
2026-02-17 17:25:06 [main] INFO  Log - Closing browser
2026-02-17 17:25:06 [main] INFO  Log - Browser setup started
2026-02-17 17:25:06 [main] INFO  Log - Browser selected: firefox
2026-02-17 17:25:06 [main] INFO  Log - Headless mode: true
2026-02-17 17:25:08 [main] INFO  Log - Launching browser
2026-02-17 17:25:09 [main] INFO  Log - Navigated to URL: https://www.allstate.com
2026-02-17 17:25:10 [main] INFO  Log - Closing browser
2026-02-17 17:25:10 [main] INFO  Log - Browser setup started
2026-02-17 17:25:10 [main] INFO  Log - Browser selected: firefox
2026-02-17 17:25:10 [main] INFO  Log - Headless mode: true
2026-02-17 17:25:11 [main] INFO  Log - Launching browser
2026-02-17 17:25:16 [main] INFO  Log - Navigated to URL: https://www.allstate.com
2026-02-17 17:25:16 [main] INFO  Log - failed tc are checked again
2026-02-17 17:25:21 [main] INFO  Log - Closing browser
2026-02-17 17:25:21 [main] INFO  Log - Browser setup started
2026-02-17 17:25:21 [main] INFO  Log - Browser selected: firefox
2026-02-17 17:25:21 [main] INFO  Log - Headless mode: true
2026-02-17 17:25:23 [main] INFO  Log - Launching browser
2026-02-17 17:25:24 [main] INFO  Log - Navigated to URL: https://www.allstate.com
2026-02-17 17:25:25 [main] INFO  Log - Closing browser
2026-02-17 17:25:25 [main] INFO  Log - Browser setup started
2026-02-17 17:25:25 [main] INFO  Log - Browser selected: firefox
2026-02-17 17:25:25 [main] INFO  Log - Headless mode: true
2026-02-17 17:25:26 [main] INFO  Log - Launching browser
2026-02-17 17:25:28 [main] INFO  Log - Navigated to URL: https://www.allstate.com
2026-02-17 17:25:30 [main] INFO  Log - Closing browser
2026-02-17 17:25:30 [main] INFO  Log - Browser setup started
2026-02-17 17:25:30 [main] INFO  Log - Browser selected: firefox
2026-02-17 17:25:30 [main] INFO  Log - Headless mode: true
2026-02-17 17:25:31 [main] INFO  Log - Launching browser
2026-02-17 17:25:33 [main] INFO  Log - Navigated to URL: https://www.allstate.com
2026-02-17 17:25:33 [main] INFO  Log - failed tc are checked again
2026-02-17 17:25:39 [main] INFO  Log - Closing browser
2026-02-17 17:25:39 [main] INFO  Log - Browser setup started
2026-02-17 17:25:39 [main] INFO  Log - Browser selected: firefox
2026-02-17 17:25:39 [main] INFO  Log - Headless mode: true
2026-02-17 17:25:41 [main] INFO  Log - Launching browser
2026-02-17 17:25:42 [main] INFO  Log - Navigated to URL: https://www.allstate.com
2026-02-17 17:26:12 [main] INFO  Log - Closing browser
2026-02-17 17:26:12 [main] INFO  Log - Browser setup started
2026-02-17 17:26:12 [main] INFO  Log - Browser selected: firefox
2026-02-17 17:26:12 [main] INFO  Log - Headless mode: true
2026-02-17 17:26:14 [main] INFO  Log - Launching browser
2026-02-17 17:26:16 [main] INFO  Log - Navigated to URL: https://www.allstate.com
2026-02-17 17:26:16 [main] INFO  Log - Closing browser
2026-02-17 17:26:16 [main] INFO  Log - Browser setup started
2026-02-17 17:26:16 [main] INFO  Log - Browser selected: firefox
2026-02-17 17:26:16 [main] INFO  Log - Headless mode: true
2026-02-17 17:26:18 [main] INFO  Log - Launching browser
2026-02-17 17:26:20 [main] INFO  Log - Navigated to URL: https://www.allstate.com
2026-02-17 17:26:20 [main] INFO  Log - failed tc are checked again
2026-02-17 17:26:22 [main] INFO  Log - Closing browser
2026-02-17 17:26:22 [main] INFO  Log - Browser setup started
2026-02-17 17:26:22 [main] INFO  Log - Browser selected: firefox
2026-02-17 17:26:22 [main] INFO  Log - Headless mode: true
2026-02-17 17:26:24 [main] INFO  Log - Launching browser
2026-02-17 17:26:26 [main] INFO  Log - Navigated to URL: https://www.allstate.com
2026-02-17 17:26:26 [main] INFO  Log - Closing browser
2026-02-17 17:26:26 [main] INFO  Log - Browser setup started
2026-02-17 17:26:26 [main] INFO  Log - Browser selected: firefox
2026-02-17 17:26:26 [main] INFO  Log - Headless mode: true
2026-02-17 17:26:28 [main] INFO  Log - Launching browser
2026-02-17 17:26:29 [main] INFO  Log - Navigated to URL: https://www.allstate.com
2026-02-17 17:26:30 [main] INFO  Log - Closing browser
2026-02-17 17:26:30 [main] INFO  Log - Browser setup started
2026-02-17 17:26:30 [main] INFO  Log - Browser selected: firefox
2026-02-17 17:26:30 [main] INFO  Log - Headless mode: true
2026-02-17 17:26:31 [main] INFO  Log - Launching browser
2026-02-17 17:26:32 [main] INFO  Log - Navigated to URL: https://www.allstate.com
2026-02-17 17:26:33 [main] INFO  Log - failed tc are checked again
2026-02-17 17:26:35 [main] INFO  Log - Closing browser
